<?xml version="1.0" encoding="UTF-8"?>
<testsuite xmlns:xsi="http://www.w3.org/2001/XMLSchema-instance" xsi:noNamespaceSchemaLocation="https://maven.apache.org/surefire/maven-surefire-plugin/xsd/surefire-test-report.xsd" version="3.0.2" name="com.penny.PetCareApplicationTests" time="1.487" tests="1" errors="0" skipped="0" failures="0">
  <properties>
[...]
</properties>
  <testcase name="contextLoads" classname="com.penny.PetCareApplicationTests" time="0.357">
    <system-out><![CDATA[14:37:39.878 [main] INFO org.springframework.test.context.support.AnnotationConfigContextLoaderUtils -- Could not detect default configuration classes for test class [com.penny.PetCareApplicationTests]: PetCareApplicationTests does not declare any static, non-private, non-final, nested classes annotated with @Configuration.
14:37:39.927 [main] INFO org.springframework.boot.test.context.SpringBootTestContextBootstrapper -- Found @SpringBootConfiguration com.penny.PetCareApplication for test class com.penny.PetCareApplicationTests

  .   ____          _            __ _ _
 /\\ / ___'_ __ _ _(_)_ __  __ _ \ \ \ \
( ( )\___ | '_ | '_| | '_ \/ _` | \ \ \ \
 \\/  ___)| |_)| | | | | || (_| |  ) ) ) )
  '  |____| .__|_| |_|_| |_\__, | / / / /
 =========|_|==============|___/=/_/_/_/

 :: Spring Boot ::                (v3.4.2)

2025-02-13T14:37:40.150-08:00  INFO 9257 --- [PetCare] [           main] com.penny.PetCareApplicationTests        : Starting PetCareApplicationTests using Java 17.0.12 with PID 9257 (started by begoodcoder in /Users/begoodcoder/Desktop/Javaweb/PetCare)
2025-02-13T14:37:40.151-08:00  INFO 9257 --- [PetCare] [           main] com.penny.PetCareApplicationTests        : No active profile set, falling back to 1 default profile: "default"
Logging initialized using 'class org.apache.ibatis.logging.stdout.StdOutImpl' adapter.


,------.                           ,--.  ,--.         ,--.                         
|  .--. '  ,--,--.  ,---.   ,---.  |  '--'  |  ,---.  |  |  ,---.   ,---.  ,--.--. 
|  '--' | ' ,-.  | | .-. | | .-. : |  .--.  | | .-. : |  | | .-. | | .-. : |  .--' 
|  | --'  \ '-'  | ' '-' ' \   --. |  |  |  | \   --. |  | | '-' ' \   --. |  |    
`--'       `--`--' .`-  /   `----' `--'  `--'  `----' `--' |  |-'   `----' `--'    
                   `---'                                   `--'                        is intercepting.

2025-02-13T14:37:40.933-08:00  INFO 9257 --- [PetCare] [           main] com.penny.PetCareApplicationTests        : Started PetCareApplicationTests in 0.941 seconds (process running for 1.363)
]]></system-out>
  </testcase>
</testsuite>